TN:
SF:src/modules/appointments/services/CreateAppointmentService.ts
FN:16,(anonymous_18)
FN:17,CreateAppointmentService
FN:22,(anonymous_20)
FNF:3
FNH:3
FNDA:1,(anonymous_18)
FNDA:5,CreateAppointmentService
FNDA:7,(anonymous_20)
DA:1,1
DA:2,1
DA:4,1
DA:16,1
DA:19,5
DA:22,1
DA:23,7
DA:24,7
DA:25,7
DA:27,7
DA:29,7
DA:30,1
DA:33,6
DA:34,1
DA:37,5
DA:38,2
DA:43,3
DA:47,3
DA:48,1
DA:51,2
DA:57,2
DA:59,1
DA:61,1
LF:23
LH:23
BRDA:29,0,0,1
BRDA:29,0,1,6
BRDA:33,1,0,1
BRDA:33,1,1,5
BRDA:37,2,0,2
BRDA:37,2,1,3
BRDA:37,3,0,5
BRDA:37,3,1,4
BRDA:47,4,0,1
BRDA:47,4,1,2
BRF:10
BRH:10
end_of_record
TN:
SF:src/modules/appointments/services/ListProviderDayAvailabilityService.ts
FN:19,(anonymous_17)
FN:20,ListProviderDayAvailabilityService
FN:25,(anonymous_19)
FN:39,(anonymous_22)
FN:44,(anonymous_23)
FN:46,(anonymous_24)
FNF:6
FNH:6
FNDA:1,(anonymous_17)
FNDA:1,ListProviderDayAvailabilityService
FNDA:1,(anonymous_19)
FNDA:11,(anonymous_22)
FNDA:11,(anonymous_23)
FNDA:30,(anonymous_24)
DA:1,1
DA:2,1
DA:19,1
DA:22,1
DA:25,1
DA:26,1
DA:27,1
DA:28,1
DA:29,1
DA:31,1
DA:35,1
DA:37,1
DA:39,11
DA:42,1
DA:44,1
DA:45,11
DA:46,30
DA:49,11
DA:51,11
DA:56,1
DA:58,1
DA:60,1
LF:22
LH:22
BRDA:31,0,0,1
BRDA:53,1,0,11
BRDA:53,1,1,8
BRF:3
BRH:3
end_of_record
TN:
SF:src/modules/appointments/services/ListProviderMonthAvailabilityService.ts
FN:18,(anonymous_17)
FN:19,ListProviderMonthAvailabilityService
FN:24,(anonymous_19)
FN:41,(anonymous_22)
FN:44,(anonymous_23)
FN:45,(anonymous_24)
FNF:6
FNH:6
FNDA:1,(anonymous_17)
FNDA:1,ListProviderMonthAvailabilityService
FNDA:1,(anonymous_19)
FNDA:31,(anonymous_22)
FNDA:31,(anonymous_23)
FNDA:341,(anonymous_24)
DA:1,1
DA:2,1
DA:18,1
DA:21,1
DA:24,1
DA:25,1
DA:26,1
DA:27,1
DA:29,1
DA:37,1
DA:39,1
DA:41,31
DA:44,1
DA:45,31
DA:46,341
DA:49,31
DA:55,1
DA:57,1
DA:59,1
LF:19
LH:19
BRDA:29,0,0,1
BRF:1
BRH:1
end_of_record
TN:
SF:src/modules/appointments/services/ListProvidersService.ts
FN:13,(anonymous_17)
FN:14,ListProvidersService
FN:19,(anonymous_19)
FNF:3
FNH:3
FNDA:1,(anonymous_17)
FNDA:1,ListProvidersService
FNDA:1,(anonymous_19)
DA:1,1
DA:13,1
DA:16,1
DA:19,1
DA:20,1
DA:24,1
DA:26,1
DA:28,1
LF:8
LH:8
BRDA:20,0,0,1
BRF:1
BRH:1
end_of_record
TN:
SF:src/modules/users/services/AuthenticateUserService.ts
FN:24,(anonymous_18)
FN:25,AuthenticateUserService
FN:32,(anonymous_20)
FNF:3
FNH:3
FNDA:1,(anonymous_18)
FNDA:3,AuthenticateUserService
FNDA:3,(anonymous_20)
DA:1,1
DA:2,1
DA:4,1
DA:6,1
DA:24,1
DA:27,3
DA:29,3
DA:32,3
DA:33,3
DA:35,3
DA:36,1
DA:39,2
DA:44,2
DA:45,1
DA:48,1
DA:50,1
DA:55,1
DA:60,1
DA:62,1
LF:19
LH:19
BRDA:33,0,0,3
BRDA:35,1,0,1
BRDA:35,1,1,2
BRDA:44,2,0,1
BRDA:44,2,1,1
BRF:5
BRH:5
end_of_record
TN:
SF:src/modules/users/services/CreateUserService.ts
FN:16,(anonymous_18)
FN:17,CreateUserService
FN:24,(anonymous_20)
FNF:3
FNH:3
FNDA:2,(anonymous_18)
FNDA:5,CreateUserService
FNDA:5,(anonymous_20)
DA:1,2
DA:4,2
DA:16,2
DA:19,5
DA:21,5
DA:24,5
DA:25,5
DA:27,5
DA:28,1
DA:31,4
DA:33,4
DA:39,4
DA:41,2
DA:43,2
LF:14
LH:14
BRDA:25,0,0,5
BRDA:27,1,0,1
BRDA:27,1,1,4
BRF:3
BRH:3
end_of_record
TN:
SF:src/modules/users/services/ResetPasswordService.ts
FN:17,(anonymous_18)
FN:18,ResetPasswordService
FN:29,(anonymous_20)
FNF:3
FNH:3
FNDA:1,(anonymous_18)
FNDA:4,ResetPasswordService
FNDA:4,(anonymous_20)
DA:1,1
DA:2,1
DA:4,1
DA:17,1
DA:20,4
DA:23,4
DA:26,4
DA:29,4
DA:30,4
DA:32,4
DA:33,1
DA:36,3
DA:38,3
DA:39,1
DA:42,2
DA:44,2
DA:45,1
DA:47,1
DA:49,2
DA:51,1
DA:53,1
LF:21
LH:21
BRDA:30,0,0,4
BRDA:32,1,0,1
BRDA:32,1,1,3
BRDA:38,2,0,1
BRDA:38,2,1,2
BRDA:44,3,0,1
BRDA:44,3,1,1
BRF:7
BRH:7
end_of_record
TN:
SF:src/modules/users/services/SendForgotPasswordEmailService.ts
FN:16,(anonymous_18)
FN:17,SenForgotPasswordEmailService
FN:28,(anonymous_20)
FNF:3
FNH:3
FNDA:1,(anonymous_18)
FNDA:3,SenForgotPasswordEmailService
FNDA:3,(anonymous_20)
DA:1,1
DA:2,1
DA:4,1
DA:16,1
DA:19,3
DA:22,3
DA:25,3
DA:28,3
DA:29,3
DA:31,3
DA:32,1
DA:35,2
DA:37,2
DA:44,4
DA:59,1
DA:61,1
LF:16
LH:16
BRDA:29,0,0,3
BRDA:31,1,0,1
BRDA:31,1,1,2
BRF:3
BRH:3
end_of_record
TN:
SF:src/modules/users/services/ShowProfileService.ts
FN:13,(anonymous_18)
FN:14,ShowProfileService
FN:19,(anonymous_20)
FNF:3
FNH:3
FNDA:1,(anonymous_18)
FNDA:2,ShowProfileService
FNDA:2,(anonymous_20)
DA:1,1
DA:3,1
DA:13,1
DA:16,2
DA:19,2
DA:20,2
DA:22,2
DA:23,1
DA:26,1
DA:28,1
DA:30,1
LF:11
LH:11
BRDA:20,0,0,2
BRDA:22,1,0,1
BRDA:22,1,1,1
BRF:3
BRH:3
end_of_record
TN:
SF:src/modules/users/services/UpdateProfileService.ts
FN:18,(anonymous_18)
FN:19,UpdateProfileService
FN:26,(anonymous_20)
FNF:3
FNH:3
FNDA:1,(anonymous_18)
FNDA:7,UpdateProfileService
FNDA:7,(anonymous_20)
DA:1,1
DA:3,1
DA:18,1
DA:21,7
DA:23,7
DA:26,1
DA:27,7
DA:28,7
DA:29,7
DA:30,7
DA:31,7
DA:33,7
DA:35,7
DA:36,1
DA:39,6
DA:41,6
DA:42,1
DA:45,5
DA:46,1
DA:51,4
DA:52,4
DA:54,5
DA:55,3
DA:60,3
DA:61,1
DA:64,2
DA:67,3
DA:69,1
DA:71,1
LF:29
LH:29
BRDA:33,0,0,7
BRDA:33,0,1,3
BRDA:35,1,0,1
BRDA:35,1,1,6
BRDA:41,2,0,1
BRDA:41,2,1,5
BRDA:41,3,0,6
BRDA:41,3,1,1
BRDA:45,4,0,1
BRDA:45,4,1,4
BRDA:45,5,0,5
BRDA:45,5,1,4
BRDA:54,6,0,1
BRDA:54,6,1,3
BRDA:54,7,0,4
BRDA:54,7,1,3
BRDA:60,8,0,1
BRDA:60,8,1,2
BRF:18
BRH:18
end_of_record
TN:
SF:src/modules/users/services/UpdateUserAvatarService.ts
FN:15,(anonymous_18)
FN:16,UpdateUserAvatarService
FN:23,(anonymous_20)
FNF:3
FNH:3
FNDA:1,(anonymous_18)
FNDA:3,UpdateUserAvatarService
FNDA:4,(anonymous_20)
DA:1,1
DA:4,1
DA:15,1
DA:18,3
DA:20,3
DA:23,4
DA:24,4
DA:26,4
DA:27,1
DA:29,5
DA:30,2
DA:33,3
DA:35,3
DA:37,6
DA:39,3
DA:41,1
DA:43,1
LF:17
LH:17
BRDA:24,0,0,4
BRDA:24,0,1,3
BRDA:26,1,0,1
BRDA:26,1,1,3
BRDA:29,2,0,2
BRDA:29,2,1,1
BRF:6
BRH:6
end_of_record
